<?xml version="1.0" encoding="UTF-8"?>
<!-- Generated by org.testng.reporters.JUnitReportReporter -->
<testsuite hostname="Aponte-PC" name="POM.Testcases.VerifyWordpressLogin" tests="1" failures="0" timestamp="4 May 2016 02:33:40 GMT" time="9.389" errors="0">
  <testcase name="verifyValidLogin" time="9.389" classname="POM.Testcases.VerifyWordpressLogin"/>
</testsuite> <!-- POM.Testcases.VerifyWordpressLogin -->
