<?xml version="1.0" encoding="UTF-8"?>
<!-- Generated by org.testng.reporters.JUnitReportReporter -->
<testsuite hostname="Aponte-PC" name="POM.Testcases.VerifyValidLogin" tests="1" failures="0" timestamp="7 May 2016 21:29:26 GMT" time="11.024" errors="0">
  <testcase name="checkValidUser" time="11.024" classname="POM.Testcases.VerifyValidLogin"/>
</testsuite> <!-- POM.Testcases.VerifyValidLogin -->
