<?xml version="1.0" encoding="UTF-8"?>
<!-- Generated by org.testng.reporters.JUnitReportReporter -->
<testsuite hostname="Aponte-PC" name="POM.Testcases.VerifyWordpressLoginPAPOM" tests="1" failures="0" timestamp="4 May 2016 02:48:36 GMT" time="10.085" errors="0">
  <testcase name="verifyValidLogin" time="10.085" classname="POM.Testcases.VerifyWordpressLoginPAPOM"/>
</testsuite> <!-- POM.Testcases.VerifyWordpressLoginPAPOM -->
